[2022-05-31 18:04:14.623 +00:00  INF]  Now listening on: https://localhost:7249
[2022-05-31 18:04:14.688 +00:00  INF]  Now listening on: http://localhost:5249
[2022-05-31 18:04:14.693 +00:00  INF]  Application started. Press Ctrl+C to shut down.
[2022-05-31 18:04:14.694 +00:00  INF]  Hosting environment: Development
[2022-05-31 18:04:14.694 +00:00  INF]  Content root path: C:\Users\admin\source\repos\Kessewa Quiz App\Kessewa.Quiz.WebApi\
[2022-05-31 18:04:16.913 +00:00  INF]  Request starting HTTP/2 GET https://localhost:7249/swagger/index.html - -
[2022-05-31 18:04:17.808 +00:00  INF]  Request finished HTTP/2 GET https://localhost:7249/swagger/index.html - - - 200 - text/html;charset=utf-8 898.0503ms
[2022-05-31 18:04:18.137 +00:00  INF]  Request starting HTTP/2 GET https://localhost:7249/_framework/aspnetcore-browser-refresh.js - -
[2022-05-31 18:04:18.142 +00:00  INF]  Request finished HTTP/2 GET https://localhost:7249/_framework/aspnetcore-browser-refresh.js - - - 200 12008 application/javascript;+charset=utf-8 5.3796ms
[2022-05-31 18:04:18.142 +00:00  INF]  Request starting HTTP/2 GET https://localhost:7249/_vs/browserLink - -
[2022-05-31 18:04:18.400 +00:00  INF]  Request finished HTTP/2 GET https://localhost:7249/_vs/browserLink - - - 200 - text/javascript;+charset=UTF-8 257.2281ms
[2022-05-31 18:04:18.700 +00:00  INF]  Request starting HTTP/2 GET https://localhost:7249/swagger/v1/swagger.json - -
[2022-05-31 18:04:19.139 +00:00  INF]  Request finished HTTP/2 GET https://localhost:7249/swagger/v1/swagger.json - - - 200 - application/json;charset=utf-8 439.8387ms
[2022-05-31 18:04:28.946 +00:00  INF]  Request starting HTTP/2 GET https://localhost:7249/WeatherForecast - -
[2022-05-31 18:04:28.963 +00:00  INF]  Executing endpoint 'Kessewa.Quiz.WebApi.Controllers.WeatherForecastController.Get (Kessewa.Quiz.WebApi)'
[2022-05-31 18:04:28.995 +00:00  INF]  Route matched with {action = "Get", controller = "WeatherForecast"}. Executing controller action with signature System.Collections.Generic.IEnumerable`1[Kessewa.Quiz.WebApi.WeatherForecast] Get() on controller Kessewa.Quiz.WebApi.Controllers.WeatherForecastController (Kessewa.Quiz.WebApi).
[2022-05-31 18:04:29.000 +00:00  INF]  GetWeatherForecast has been fired
[2022-05-31 18:04:29.020 +00:00  INF]  Executing ObjectResult, writing value of type 'Kessewa.Quiz.WebApi.WeatherForecast[]'.
[2022-05-31 18:04:29.055 +00:00  INF]  Executed action Kessewa.Quiz.WebApi.Controllers.WeatherForecastController.Get (Kessewa.Quiz.WebApi) in 48.5486ms
[2022-05-31 18:04:29.056 +00:00  INF]  Executed endpoint 'Kessewa.Quiz.WebApi.Controllers.WeatherForecastController.Get (Kessewa.Quiz.WebApi)'
[2022-05-31 18:04:29.056 +00:00  INF]  Request finished HTTP/2 GET https://localhost:7249/WeatherForecast - - - 200 - application/json;+charset=utf-8 110.6727ms
