[2022-05-31 18:09:32.838 +00:00  INF]  Now listening on: https://localhost:7249
[2022-05-31 18:09:32.889 +00:00  INF]  Now listening on: http://localhost:5249
[2022-05-31 18:09:32.897 +00:00  INF]  Application started. Press Ctrl+C to shut down.
[2022-05-31 18:09:32.897 +00:00  INF]  Hosting environment: Development
[2022-05-31 18:09:32.897 +00:00  INF]  Content root path: C:\Users\admin\source\repos\Kessewa Quiz App\Kessewa.Quiz.WebApi\
[2022-05-31 18:09:35.393 +00:00  INF]  Request starting HTTP/2 GET https://localhost:7249/swagger/index.html - -
[2022-05-31 18:09:37.097 +00:00  INF]  Request finished HTTP/2 GET https://localhost:7249/swagger/index.html - - - 200 - text/html;charset=utf-8 1715.1035ms
[2022-05-31 18:09:37.437 +00:00  INF]  Request starting HTTP/2 GET https://localhost:7249/_framework/aspnetcore-browser-refresh.js - -
[2022-05-31 18:09:37.443 +00:00  INF]  Request finished HTTP/2 GET https://localhost:7249/_framework/aspnetcore-browser-refresh.js - - - 200 12008 application/javascript;+charset=utf-8 5.5836ms
[2022-05-31 18:09:37.443 +00:00  INF]  Request starting HTTP/2 GET https://localhost:7249/_vs/browserLink - -
[2022-05-31 18:09:37.648 +00:00  INF]  Request finished HTTP/2 GET https://localhost:7249/_vs/browserLink - - - 200 - text/javascript;+charset=UTF-8 204.6726ms
[2022-05-31 18:09:37.840 +00:00  INF]  Request starting HTTP/2 GET https://localhost:7249/swagger/v1/swagger.json - -
[2022-05-31 18:09:38.272 +00:00  INF]  Request finished HTTP/2 GET https://localhost:7249/swagger/v1/swagger.json - - - 200 - application/json;charset=utf-8 432.4771ms
[2022-05-31 18:09:43.914 +00:00  INF]  Request starting HTTP/2 GET https://localhost:7249/WeatherForecast - -
[2022-05-31 18:09:43.954 +00:00  INF]  Executing endpoint 'Kessewa.Quiz.WebApi.Controllers.WeatherForecastController.Get (Kessewa.Quiz.WebApi)'
[2022-05-31 18:09:43.976 +00:00  INF]  Route matched with {action = "Get", controller = "WeatherForecast"}. Executing controller action with signature System.Collections.Generic.IEnumerable`1[Kessewa.Quiz.WebApi.WeatherForecast] Get() on controller Kessewa.Quiz.WebApi.Controllers.WeatherForecastController (Kessewa.Quiz.WebApi).
[2022-05-31 18:09:43.979 +00:00  INF]  GetWeatherForecast has been fired
[2022-05-31 18:09:43.995 +00:00  INF]  Executing ObjectResult, writing value of type 'Kessewa.Quiz.WebApi.WeatherForecast[]'.
[2022-05-31 18:09:44.051 +00:00  INF]  Executed action Kessewa.Quiz.WebApi.Controllers.WeatherForecastController.Get (Kessewa.Quiz.WebApi) in 36.7046ms
[2022-05-31 18:09:44.053 +00:00  INF]  Executed endpoint 'Kessewa.Quiz.WebApi.Controllers.WeatherForecastController.Get (Kessewa.Quiz.WebApi)'
[2022-05-31 18:09:44.054 +00:00  INF]  Request finished HTTP/2 GET https://localhost:7249/WeatherForecast - - - 200 - application/json;+charset=utf-8 140.3144ms
